<?xml version="1.0" encoding="UTF-8"?>
<testsuites name="DemoTest" time="345" tests="1" failures="0" errors="0">
   <testsuite name="DemoTest" tests="1" failures="0" errors="0" time="345" timestamp="2017-09-26 15:12:41" hostname="rgajbhiye - EET-RG.e-emphasys.com" id="Test Suites/DemoTest">
      <properties>
         <property name="deviceName" value=""/>
         <property name="devicePlatform" value=""/>
         <property name="logFolder" value="C:\\Users\\rgajbhiye\\Katalon Studio\\eXtendHTML\\Reports\\DemoTest\\20170926_151233"/>
         <property name="logFiles" value="C:\\Users\\rgajbhiye\\Katalon Studio\\eXtendHTML\\Reports\\DemoTest\\20170926_151233\\execution0.log"/>
         <property name="attachments" value=""/>
         <property name="hostName" value="rgajbhiye - EET-RG.e-emphasys.com"/>
         <property name="os" value="Windows 7 64bit"/>
         <property name="katalonVersion" value="4.8.0.2"/>
         <property name="browser" value="Firefox 43.0"/>
         <property name="hostAddress" value="192.168.25.107"/>
         <property name="sessionId" value="e33ba8b4-039c-48e7-99bd-f4dfa6f63810"/>
         <property name="seleniumVersion" value="2.53.0"/>
         <property name="proxyInformation" value="ProxyInformation{proxyOption=NO_PROXY, proxyServerType=HTTP, password=, proxyServerAddress=, proxyServerPort=0}"/>
         <property name="platform" value="Windows 7"/>
      </properties>
      <testcase name="Test Cases/Test" classname="Test Cases/Test" status="PASSED">
         <system-out><![CDATA[2017-09-26 15:12:42 - [TEST_CASE][PASSED] - Test Cases/Test: Test Cases/Test

2017-09-26 15:12:43 - [TEST_STEP][PASSED] - callTestCase: Call Test Case 'Test Cases/PSOHeader' successfully

2017-09-26 15:12:44 - [TEST_CASE][PASSED] - Test Cases/PSOHeader: Test Cases/PSOHeader

2017-09-26 15:12:45 - [TEST_STEP][PASSED] - callTestCase: Call Test Case 'Test Cases/OpenSession' successfully

2017-09-26 15:12:45 - [TEST_CASE][PASSED] - Test Cases/OpenSession: Test Cases/OpenSession

2017-09-26 15:12:45 - [TEST_STEP][PASSED] - openBrowser: Browser is opened with url: ''

2017-09-26 15:12:54 - [MESSAGE][PASSED] - Browser is opened with url: ''

2017-09-26 15:12:54 - [TEST_STEP][PASSED] - navigateToUrl: Navigate to 'https://rgajbhiye:Robin$123@proxima-ln4.e-emphasys.com:8441/webui/servlet/login' successfully

2017-09-26 15:12:56 - [MESSAGE][PASSED] - Navigate to 'https://rgajbhiye:Robin$123@proxima-ln4.e-emphasys.com:8441/webui/servlet/login' successfully

2017-09-26 15:12:56 - [TEST_STEP][PASSED] - waitForPageLoad: Wait for page load successfully

2017-09-26 15:12:56 - [MESSAGE][PASSED] - Wait for page load successfully

2017-09-26 15:12:56 - [TEST_STEP][PASSED] - maximizeWindow: Current window maximized

2017-09-26 15:12:56 - [MESSAGE][PASSED] - Current window maximized

2017-09-26 15:12:56 - [TEST_STEP][PASSED] - click: Object: 'Object Repository/HomePage2/Page_Infor LN UI/btn_more' is clicked on

2017-09-26 15:12:59 - [MESSAGE][PASSED] - Object: 'Object Repository/HomePage2/Page_Infor LN UI/btn_more' is clicked on

2017-09-26 15:12:59 - [TEST_STEP][PASSED] - click: Object: 'Object Repository/HomePage2/Page_Infor LN UI/btn_Option' is clicked on

2017-09-26 15:12:59 - [MESSAGE][PASSED] - Object: 'Object Repository/HomePage2/Page_Infor LN UI/btn_Option' is clicked on

2017-09-26 15:12:59 - [TEST_STEP][PASSED] - click: Object: 'Object Repository/HomePage2/Page_Infor LN UI/btn_RunProgram_' is clicked on

2017-09-26 15:12:59 - [MESSAGE][PASSED] - Object: 'Object Repository/HomePage2/Page_Infor LN UI/btn_RunProgram_' is clicked on

2017-09-26 15:12:59 - [TEST_STEP][PASSED] - sendKeys: Keys 'tdsls4500m002' sent to object: 'Object Repository/HomePage2/Page_Infor LN UI/Input_Session_ID'

2017-09-26 15:13:00 - [MESSAGE][PASSED] - Keys 'tdsls4500m002' sent to object: 'Object Repository/HomePage2/Page_Infor LN UI/Input_Session_ID'

2017-09-26 15:13:00 - [TEST_STEP][PASSED] - click: Object: 'Object Repository/HomePage2/Page_Infor LN UI/btn_options' is clicked on

2017-09-26 15:13:00 - [MESSAGE][PASSED] - Object: 'Object Repository/HomePage2/Page_Infor LN UI/btn_options' is clicked on

2017-09-26 15:13:00 - [MESSAGE][PASSED] - Call Test Case 'Test Cases/OpenSession' successfully

2017-09-26 15:13:00 - [TEST_STEP][PASSED] - click: Object: 'Object Repository/HomePage2/Page_Infor LN UI (1)/btn_tdsls4500m001_new' is clicked on

2017-09-26 15:13:04 - [MESSAGE][PASSED] - Object: 'Object Repository/HomePage2/Page_Infor LN UI (1)/btn_tdsls4500m001_new' is clicked on

2017-09-26 15:13:04 - [TEST_STEP][PASSED] - setText: Text 'M00000182' is set on object 'Object Repository/tdtre4101m002/btn_tdtre4101m002_Customer'

2017-09-26 15:13:08 - [MESSAGE][PASSED] - Text 'M00000182' is set on object 'Object Repository/tdtre4101m002/btn_tdtre4101m002_Customer'

2017-09-26 15:13:08 - [TEST_STEP][PASSED] - sendKeys: Keys '' sent to object: 'Object Repository/tdtre4101m002/btn_tdtre4101m002_Customer'

2017-09-26 15:13:09 - [MESSAGE][PASSED] - Keys '' sent to object: 'Object Repository/tdtre4101m002/btn_tdtre4101m002_Customer'

2017-09-26 15:13:09 - [TEST_STEP][PASSED] - click: Object: 'Object Repository/tdtre4101m002/btn_tdtre4101m002_save1' is clicked on

2017-09-26 15:13:17 - [MESSAGE][PASSED] - Object: 'Object Repository/tdtre4101m002/btn_tdtre4101m002_save1' is clicked on

2017-09-26 15:13:17 - [TEST_STEP][PASSED] - dragAndDropByOffset: Dragged object with id 'Object Repository/tdtre4101m002/scroll_tdtre4101m002' by offset distance x = 0 and y = -100 successfully

2017-09-26 15:13:26 - [MESSAGE][PASSED] - Dragged object with id 'Object Repository/tdtre4101m002/scroll_tdtre4101m002' by offset distance x = 0 and y = -100 successfully

2017-09-26 15:13:26 - [TEST_STEP][PASSED] - delay: Delayed 10 second(s)

2017-09-26 15:13:36 - [MESSAGE][PASSED] - Delayed 10 second(s)

2017-09-26 15:13:36 - [TEST_STEP][PASSED] - Statement - G_PSO = com.kms.katalon.core.webui.keyword.WebUiBuiltInKeywords.getAttribute(com.kms.katalon.core.testobject.ObjectRepository.findTestObject(tdtre4101m002/field_tdtre4101m002_OrderNumber), "value"): Attribute 'value' of object 'Object Repository/tdtre4101m002/field_tdtre4101m002_OrderNumber' is: 'TP0000788'

2017-09-26 15:13:36 - [MESSAGE][PASSED] - Attribute 'value' of object 'Object Repository/tdtre4101m002/field_tdtre4101m002_OrderNumber' is: 'TP0000788'

2017-09-26 15:13:36 - [TEST_STEP][PASSED] - Statement - println("sale order number" + G_PSO): null

2017-09-26 15:13:36 - [MESSAGE][PASSED] - Call Test Case 'Test Cases/PSOHeader' successfully

2017-09-26 15:13:36 - [TEST_STEP][PASSED] - callTestCase: Call Test Case 'Test Cases/BaseTestCases/PSO_AddPartLinePos1' successfully

2017-09-26 15:13:36 - [TEST_CASE][PASSED] - Test Cases/BaseTestCases/PSO_AddPartLinePos1: Test Cases/BaseTestCases/PSO_AddPartLinePos1

2017-09-26 15:13:37 - [TEST_STEP][PASSED] - click: Object: 'Object Repository/tdtre4101m002/btn_tdtre4101s002_newpart' is clicked on

2017-09-26 15:13:41 - [MESSAGE][PASSED] - Object: 'Object Repository/tdtre4101m002/btn_tdtre4101s002_newpart' is clicked on

2017-09-26 15:13:41 - [TEST_STEP][PASSED] - setText: Text 'KP3' is set on object 'Object Repository/tdtre4101m002/Line1/input_tdtre4101s002_Partnumber'

2017-09-26 15:13:42 - [MESSAGE][PASSED] - Text 'KP3' is set on object 'Object Repository/tdtre4101m002/Line1/input_tdtre4101s002_Partnumber'

2017-09-26 15:13:42 - [TEST_STEP][PASSED] - scrollToElement: Scroll to object 'Object Repository/tdtre4101m002/Line1/input_tdtre4101s002-2-Quantity' successfully

2017-09-26 15:13:47 - [MESSAGE][PASSED] - Scroll to object 'Object Repository/tdtre4101m002/Line1/input_tdtre4101s002-2-Quantity' successfully

2017-09-26 15:13:48 - [TEST_STEP][PASSED] - click: Object: 'Object Repository/tdtre4101m002/Line1/input_tdtre4101s002-2-Quantity' is clicked on

2017-09-26 15:13:53 - [MESSAGE][PASSED] - Object: 'Object Repository/tdtre4101m002/Line1/input_tdtre4101s002-2-Quantity' is clicked on

2017-09-26 15:13:53 - [TEST_STEP][PASSED] - setText: Text '2' is set on object 'Object Repository/tdtre4101m002/Line1/input_tdtre4101s002-Qty1'

2017-09-26 15:13:54 - [MESSAGE][PASSED] - Text '2' is set on object 'Object Repository/tdtre4101m002/Line1/input_tdtre4101s002-Qty1'

2017-09-26 15:13:54 - [TEST_STEP][PASSED] - click: Object: 'Object Repository/tdtre4101m002/btn_tdtre4101m002_save1' is clicked on

2017-09-26 15:14:00 - [MESSAGE][PASSED] - Object: 'Object Repository/tdtre4101m002/btn_tdtre4101m002_save1' is clicked on

2017-09-26 15:14:00 - [TEST_STEP][PASSED] - delay: Delayed 10 second(s)

2017-09-26 15:14:10 - [MESSAGE][PASSED] - Delayed 10 second(s)

2017-09-26 15:14:10 - [TEST_STEP][PASSED] - scrollToElement: Scroll to object 'Object Repository/tdtre4101m002/Line1/firmPrice' successfully

2017-09-26 15:14:10 - [MESSAGE][PASSED] - Scroll to object 'Object Repository/tdtre4101m002/Line1/firmPrice' successfully

2017-09-26 15:14:10 - [TEST_STEP][PASSED] - Statement - G_FirmPrice = com.kms.katalon.core.webui.keyword.WebUiBuiltInKeywords.getText(com.kms.katalon.core.testobject.ObjectRepository.findTestObject(tdtre4101m002/Line1/firmPrice)): Text of object 'Object Repository/tdtre4101m002/Line1/firmPrice' is: '40.00'

2017-09-26 15:14:10 - [MESSAGE][PASSED] - Text of object 'Object Repository/tdtre4101m002/Line1/firmPrice' is: '40.00'

2017-09-26 15:14:10 - [TEST_STEP][PASSED] - Statement - Qty1 = com.kms.katalon.core.webui.keyword.WebUiBuiltInKeywords.getText(com.kms.katalon.core.testobject.ObjectRepository.findTestObject(tdtre4101m002/Line1/input_tdtre4101s002-Qty)): Text of object 'Object Repository/tdtre4101m002/Line1/input_tdtre4101s002-Qty' is: '2.00'

2017-09-26 15:14:10 - [MESSAGE][PASSED] - Text of object 'Object Repository/tdtre4101m002/Line1/input_tdtre4101s002-Qty' is: '2.00'

2017-09-26 15:14:10 - [TEST_STEP][PASSED] - Statement - G_OrderLineAmt = G_FirmPrice * Qty1: null

2017-09-26 15:14:10 - [TEST_STEP][PASSED] - Statement - println("GlobalVariable.G_FirmPrice" + G_FirmPrice): null

2017-09-26 15:14:10 - [TEST_STEP][PASSED] - Statement - println("GlobalVariable.G_OrderLineAmt" + G_OrderLineAmt): null

2017-09-26 15:14:10 - [MESSAGE][PASSED] - Call Test Case 'Test Cases/BaseTestCases/PSO_AddPartLinePos1' successfully

2017-09-26 15:14:10 - [TEST_STEP][NOT_RUN] - callTestCase: NOT_RUN: callTestCase

2017-09-26 15:14:10 - [MESSAGE][NOT_RUN] - NOT_RUN: callTestCase

2017-09-26 15:14:10 - [TEST_STEP][NOT_RUN] - callTestCase: NOT_RUN: callTestCase

2017-09-26 15:14:10 - [MESSAGE][NOT_RUN] - NOT_RUN: callTestCase

2017-09-26 15:14:10 - [TEST_STEP][PASSED] - callTestCase: Call Test Case 'Test Cases/BaseTestCases/PickPackInvoice' successfully

2017-09-26 15:14:10 - [TEST_CASE][PASSED] - Test Cases/BaseTestCases/PickPackInvoice: Test Cases/BaseTestCases/PickPackInvoice

2017-09-26 15:14:10 - [TEST_STEP][PASSED] - click: Object: 'Object Repository/tdtre4101m002/div_tdtre4101m002-1-button-std' is clicked on

2017-09-26 15:14:15 - [MESSAGE][PASSED] - Object: 'Object Repository/tdtre4101m002/div_tdtre4101m002-1-button-std' is clicked on

2017-09-26 15:14:15 - [TEST_STEP][NOT_RUN] - delay: NOT_RUN: delay

2017-09-26 15:14:15 - [MESSAGE][NOT_RUN] - NOT_RUN: delay

2017-09-26 15:14:15 - [TEST_STEP][PASSED] - click: Object: 'Object Repository/tdtre4101m002/PickPackInvoice' is clicked on

2017-09-26 15:14:16 - [MESSAGE][PASSED] - Object: 'Object Repository/tdtre4101m002/PickPackInvoice' is clicked on

2017-09-26 15:14:16 - [TEST_STEP][PASSED] - click: Object: 'Object Repository/tdtre4101m002/label_Location' is clicked on

2017-09-26 15:14:20 - [MESSAGE][PASSED] - Object: 'Object Repository/tdtre4101m002/label_Location' is clicked on

2017-09-26 15:14:20 - [TEST_STEP][PASSED] - click: Object: 'Object Repository/tdtre4101m002/div_dlg-tdtre4101m002-1-input-' is clicked on

2017-09-26 15:14:33 - [MESSAGE][PASSED] - Object: 'Object Repository/tdtre4101m002/div_dlg-tdtre4101m002-1-input-' is clicked on

2017-09-26 15:14:33 - [TEST_STEP][NOT_RUN] - click: NOT_RUN: click

2017-09-26 15:14:33 - [MESSAGE][NOT_RUN] - NOT_RUN: click

2017-09-26 15:14:33 - [TEST_STEP][NOT_RUN] - delay: NOT_RUN: delay

2017-09-26 15:14:33 - [MESSAGE][NOT_RUN] - NOT_RUN: delay

2017-09-26 15:14:33 - [TEST_STEP][PASSED] - setText: Text 'd' is set on object 'Object Repository/tdtre4101m002/input_ttstpsplopen-5-devc-1-lo'

2017-09-26 15:14:36 - [MESSAGE][PASSED] - Text 'd' is set on object 'Object Repository/tdtre4101m002/input_ttstpsplopen-5-devc-1-lo'

2017-09-26 15:14:36 - [TEST_STEP][PASSED] - click: Object: 'Object Repository/tdtre4101m002/label_Continue' is clicked on

2017-09-26 15:14:38 - [MESSAGE][PASSED] - Object: 'Object Repository/tdtre4101m002/label_Continue' is clicked on

2017-09-26 15:14:38 - [TEST_STEP][PASSED] - delay: Delayed 15 second(s)

2017-09-26 15:14:53 - [MESSAGE][PASSED] - Delayed 15 second(s)

2017-09-26 15:14:53 - [TEST_STEP][PASSED] - click: Object: 'Object Repository/tdtre4101m002/PSO_multiOCC' is clicked on

2017-09-26 15:14:53 - [MESSAGE][PASSED] - Object: 'Object Repository/tdtre4101m002/PSO_multiOCC' is clicked on

2017-09-26 15:14:53 - [TEST_STEP][PASSED] - click: Object: 'Object Repository/tdtre4101m002/PSO_multiOCC_PSOfilter' is clicked on

2017-09-26 15:14:54 - [MESSAGE][PASSED] - Object: 'Object Repository/tdtre4101m002/PSO_multiOCC_PSOfilter' is clicked on

2017-09-26 15:14:54 - [TEST_STEP][PASSED] - setText: Text 'TP0000788' is set on object 'Object Repository/tdtre4101m002/PSO_multiOCC_PSOfilter'

2017-09-26 15:14:54 - [MESSAGE][PASSED] - Text 'TP0000788' is set on object 'Object Repository/tdtre4101m002/PSO_multiOCC_PSOfilter'

2017-09-26 15:14:54 - [TEST_STEP][PASSED] - sendKeys: Keys '' sent to object: 'Object Repository/tdtre4101m002/PSO_multiOCC_PSOfilter'

2017-09-26 15:14:54 - [MESSAGE][PASSED] - Keys '' sent to object: 'Object Repository/tdtre4101m002/PSO_multiOCC_PSOfilter'

2017-09-26 15:14:54 - [TEST_STEP][PASSED] - click: Object: 'Object Repository/tdtre4101m002/PSO_mutliocc_customerfilter' is clicked on

2017-09-26 15:14:55 - [MESSAGE][PASSED] - Object: 'Object Repository/tdtre4101m002/PSO_mutliocc_customerfilter' is clicked on

2017-09-26 15:14:55 - [TEST_STEP][PASSED] - scrollToElement: Scroll to object 'Object Repository/tdtre4101m002/PSO_multiOCC_status' successfully

2017-09-26 15:14:55 - [MESSAGE][PASSED] - Scroll to object 'Object Repository/tdtre4101m002/PSO_multiOCC_status' successfully

2017-09-26 15:14:55 - [TEST_STEP][PASSED] - Statement - status1 = com.kms.katalon.core.webui.keyword.WebUiBuiltInKeywords.getText(com.kms.katalon.core.testobject.ObjectRepository.findTestObject(tdtre4101m002/PSO_multiOCC_status)): Text of object 'Object Repository/tdtre4101m002/PSO_multiOCC_status' is: 'Completed'

2017-09-26 15:14:55 - [MESSAGE][PASSED] - Text of object 'Object Repository/tdtre4101m002/PSO_multiOCC_status' is: 'Completed'

2017-09-26 15:14:55 - [TEST_STEP][PASSED] - Statement - println(status1): null

2017-09-26 15:14:55 - [TEST_STEP][PASSED] - verifyEqual: Actual object 'Completed' and expected object 'Completed' are equal

2017-09-26 15:14:55 - [MESSAGE][PASSED] - Actual object 'Completed' and expected object 'Completed' are equal

2017-09-26 15:14:55 - [TEST_STEP][PASSED] - click: Object: 'Object Repository/tdtre4101m002/PSOTab' is clicked on

2017-09-26 15:14:56 - [MESSAGE][PASSED] - Object: 'Object Repository/tdtre4101m002/PSOTab' is clicked on

2017-09-26 15:14:56 - [TEST_STEP][PASSED] - Statement - G_PSOheader_InvoiceAmt = com.kms.katalon.core.webui.keyword.WebUiBuiltInKeywords.getAttribute(com.kms.katalon.core.testobject.ObjectRepository.findTestObject(tdtre4101m002/InvoiceTotal), "value"): Attribute 'value' of object 'Object Repository/tdtre4101m002/InvoiceTotal' is: 'null'

2017-09-26 15:14:56 - [MESSAGE][PASSED] - Attribute 'value' of object 'Object Repository/tdtre4101m002/InvoiceTotal' is: 'null'

2017-09-26 15:14:56 - [MESSAGE][PASSED] - Call Test Case 'Test Cases/BaseTestCases/PickPackInvoice' successfully

2017-09-26 15:14:56 - [TEST_STEP][PASSED] - callTestCase: Call Test Case 'Test Cases/BaseTestCases/GetMauc' successfully

2017-09-26 15:14:56 - [TEST_CASE][PASSED] - Test Cases/BaseTestCases/GetMauc: Test Cases/BaseTestCases/GetMauc

2017-09-26 15:14:56 - [TEST_STEP][PASSED] - callTestCase: Call Test Case 'Test Cases/OpenSession' successfully

2017-09-26 15:14:56 - [TEST_CASE][PASSED] - Test Cases/OpenSession: Test Cases/OpenSession

2017-09-26 15:14:56 - [TEST_STEP][PASSED] - openBrowser: Browser is opened with url: ''

2017-09-26 15:14:56 - [MESSAGE][WARNING] - A browser is already opened. Closing browser and opening a new one

2017-09-26 15:15:04 - [MESSAGE][PASSED] - Browser is opened with url: ''

2017-09-26 15:15:04 - [TEST_STEP][PASSED] - navigateToUrl: Navigate to 'https://rgajbhiye:Robin$123@proxima-ln4.e-emphasys.com:8441/webui/servlet/login' successfully

2017-09-26 15:15:06 - [MESSAGE][PASSED] - Navigate to 'https://rgajbhiye:Robin$123@proxima-ln4.e-emphasys.com:8441/webui/servlet/login' successfully

2017-09-26 15:15:06 - [TEST_STEP][PASSED] - waitForPageLoad: Wait for page load successfully

2017-09-26 15:15:06 - [MESSAGE][PASSED] - Wait for page load successfully

2017-09-26 15:15:06 - [TEST_STEP][PASSED] - maximizeWindow: Current window maximized

2017-09-26 15:15:06 - [MESSAGE][PASSED] - Current window maximized

2017-09-26 15:15:06 - [TEST_STEP][PASSED] - click: Object: 'Object Repository/HomePage2/Page_Infor LN UI/btn_more' is clicked on

2017-09-26 15:15:08 - [MESSAGE][PASSED] - Object: 'Object Repository/HomePage2/Page_Infor LN UI/btn_more' is clicked on

2017-09-26 15:15:08 - [TEST_STEP][PASSED] - click: Object: 'Object Repository/HomePage2/Page_Infor LN UI/btn_Option' is clicked on

2017-09-26 15:15:09 - [MESSAGE][PASSED] - Object: 'Object Repository/HomePage2/Page_Infor LN UI/btn_Option' is clicked on

2017-09-26 15:15:09 - [TEST_STEP][PASSED] - click: Object: 'Object Repository/HomePage2/Page_Infor LN UI/btn_RunProgram_' is clicked on

2017-09-26 15:15:09 - [MESSAGE][PASSED] - Object: 'Object Repository/HomePage2/Page_Infor LN UI/btn_RunProgram_' is clicked on

2017-09-26 15:15:09 - [TEST_STEP][PASSED] - sendKeys: Keys 'whina1512m000' sent to object: 'Object Repository/HomePage2/Page_Infor LN UI/Input_Session_ID'

2017-09-26 15:15:09 - [MESSAGE][PASSED] - Keys 'whina1512m000' sent to object: 'Object Repository/HomePage2/Page_Infor LN UI/Input_Session_ID'

2017-09-26 15:15:09 - [TEST_STEP][PASSED] - click: Object: 'Object Repository/HomePage2/Page_Infor LN UI/btn_options' is clicked on

2017-09-26 15:15:10 - [MESSAGE][PASSED] - Object: 'Object Repository/HomePage2/Page_Infor LN UI/btn_options' is clicked on

2017-09-26 15:15:10 - [MESSAGE][PASSED] - Call Test Case 'Test Cases/OpenSession' successfully

2017-09-26 15:15:10 - [TEST_STEP][PASSED] - click: Object: 'Object Repository/MAUC/div_whina1512m000-0-button-std' is clicked on

2017-09-26 15:15:13 - [MESSAGE][PASSED] - Object: 'Object Repository/MAUC/div_whina1512m000-0-button-std' is clicked on

2017-09-26 15:15:13 - [TEST_STEP][PASSED] - delay: Delayed 3 second(s)

2017-09-26 15:15:16 - [MESSAGE][PASSED] - Delayed 3 second(s)

2017-09-26 15:15:16 - [TEST_STEP][PASSED] - click: Object: 'Object Repository/MAUC/input_whina1512m000-1-whinr112' is clicked on

2017-09-26 15:15:16 - [MESSAGE][PASSED] - Object: 'Object Repository/MAUC/input_whina1512m000-1-whinr112' is clicked on

2017-09-26 15:15:16 - [TEST_STEP][PASSED] - setText: Text 'KP3' is set on object 'Object Repository/MAUC/input_whina1512m000-1-whinr112'

2017-09-26 15:15:17 - [MESSAGE][PASSED] - Text 'KP3' is set on object 'Object Repository/MAUC/input_whina1512m000-1-whinr112'

2017-09-26 15:15:17 - [TEST_STEP][PASSED] - click: Object: 'Object Repository/MAUC/input_whina1512m000-1-whinr112 (1)' is clicked on

2017-09-26 15:15:17 - [MESSAGE][PASSED] - Object: 'Object Repository/MAUC/input_whina1512m000-1-whinr112 (1)' is clicked on

2017-09-26 15:15:17 - [TEST_STEP][PASSED] - setText: Text 'WH001' is set on object 'Object Repository/MAUC/input_whina1512m000-1-whinr112 (1)'

2017-09-26 15:15:17 - [MESSAGE][PASSED] - Text 'WH001' is set on object 'Object Repository/MAUC/input_whina1512m000-1-whinr112 (1)'

2017-09-26 15:15:17 - [TEST_STEP][PASSED] - click: Object: 'Object Repository/MAUC/label_OK' is clicked on

2017-09-26 15:15:17 - [MESSAGE][PASSED] - Object: 'Object Repository/MAUC/label_OK' is clicked on

2017-09-26 15:15:17 - [TEST_STEP][NOT_RUN] - click: NOT_RUN: click

2017-09-26 15:15:17 - [MESSAGE][NOT_RUN] - NOT_RUN: click

2017-09-26 15:15:17 - [TEST_STEP][PASSED] - delay: Delayed 3 second(s)

2017-09-26 15:15:20 - [MESSAGE][PASSED] - Delayed 3 second(s)

2017-09-26 15:15:20 - [TEST_STEP][PASSED] - click: Object: 'Object Repository/MAUC/scrolltolast' is clicked on

2017-09-26 15:15:21 - [MESSAGE][PASSED] - Object: 'Object Repository/MAUC/scrolltolast' is clicked on

2017-09-26 15:15:21 - [TEST_STEP][PASSED] - click: Object: 'Object Repository/MAUC/checkbox_mauc_selectHeader' is clicked on

2017-09-26 15:15:21 - [MESSAGE][PASSED] - Object: 'Object Repository/MAUC/checkbox_mauc_selectHeader' is clicked on

2017-09-26 15:15:21 - [TEST_STEP][PASSED] - click: Object: 'Object Repository/MAUC/option_mauc_selectAll' is clicked on

2017-09-26 15:15:21 - [MESSAGE][PASSED] - Object: 'Object Repository/MAUC/option_mauc_selectAll' is clicked on

2017-09-26 15:15:21 - [TEST_STEP][PASSED] - delay: Delayed 3 second(s)

2017-09-26 15:15:24 - [MESSAGE][PASSED] - Delayed 3 second(s)

2017-09-26 15:15:24 - [TEST_STEP][PASSED] - click: Object: 'Object Repository/MAUC/button_mauc_action' is clicked on

2017-09-26 15:15:25 - [MESSAGE][PASSED] - Object: 'Object Repository/MAUC/button_mauc_action' is clicked on

2017-09-26 15:15:25 - [TEST_STEP][PASSED] - click: Object: 'Object Repository/MAUC/label_I ventory Receipt Transa' is clicked on

2017-09-26 15:15:25 - [MESSAGE][PASSED] - Object: 'Object Repository/MAUC/label_I ventory Receipt Transa' is clicked on

2017-09-26 15:15:25 - [TEST_STEP][PASSED] - Statement - G_Line1Mauc = com.kms.katalon.core.webui.keyword.WebUiBuiltInKeywords.getText(com.kms.katalon.core.testobject.ObjectRepository.findTestObject(MAUC/label_18.4369)): Text of object 'Object Repository/MAUC/label_18.4369' is: '18.4369'

2017-09-26 15:15:27 - [MESSAGE][PASSED] - Text of object 'Object Repository/MAUC/label_18.4369' is: '18.4369'

2017-09-26 15:15:27 - [TEST_STEP][PASSED] - Statement - println(G_Line1Mauc): null

2017-09-26 15:15:27 - [TEST_STEP][PASSED] - Statement - G_Line1Mauc = G_Line1Mauc: null

2017-09-26 15:15:27 - [MESSAGE][PASSED] - Call Test Case 'Test Cases/BaseTestCases/GetMauc' successfully

2017-09-26 15:15:27 - [TEST_STEP][PASSED] - callTestCase: Call Test Case 'Test Cases/BaseTestCases/GetCostFromMAUC' successfully

2017-09-26 15:15:27 - [TEST_CASE][PASSED] - Test Cases/BaseTestCases/GetCostFromMAUC: Test Cases/BaseTestCases/GetCostFromMAUC

2017-09-26 15:15:28 - [TEST_STEP][PASSED] - Statement - Cost1 = G_Line1Mauc * Qty: null

2017-09-26 15:15:28 - [TEST_STEP][PASSED] - Statement - G_PartCost = java.lang.Math.round(Cost1 * 100) / 100: null

2017-09-26 15:15:28 - [TEST_STEP][PASSED] - Statement - println("GlobalVariable.G_PartCost" + G_PartCost): null

2017-09-26 15:15:28 - [MESSAGE][PASSED] - Call Test Case 'Test Cases/BaseTestCases/GetCostFromMAUC' successfully

2017-09-26 15:15:28 - [TEST_STEP][PASSED] - callTestCase: Call Test Case 'Test Cases/BaseTestCases/GetIntTransForPSO' successfully

2017-09-26 15:15:30 - [TEST_CASE][PASSED] - Test Cases/BaseTestCases/GetIntTransForPSO: Test Cases/BaseTestCases/GetIntTransForPSO

2017-09-26 15:15:30 - [TEST_STEP][PASSED] - callTestCase: Call Test Case 'Test Cases/OpenSession' successfully

2017-09-26 15:15:31 - [TEST_CASE][PASSED] - Test Cases/OpenSession: Test Cases/OpenSession

2017-09-26 15:15:31 - [TEST_STEP][PASSED] - openBrowser: Browser is opened with url: ''

2017-09-26 15:15:31 - [MESSAGE][WARNING] - A browser is already opened. Closing browser and opening a new one

2017-09-26 15:15:51 - [MESSAGE][PASSED] - Browser is opened with url: ''

2017-09-26 15:15:51 - [TEST_STEP][PASSED] - navigateToUrl: Navigate to 'https://rgajbhiye:Robin$123@proxima-ln4.e-emphasys.com:8441/webui/servlet/login' successfully

2017-09-26 15:15:52 - [MESSAGE][PASSED] - Navigate to 'https://rgajbhiye:Robin$123@proxima-ln4.e-emphasys.com:8441/webui/servlet/login' successfully

2017-09-26 15:15:52 - [TEST_STEP][PASSED] - waitForPageLoad: Wait for page load successfully

2017-09-26 15:15:52 - [MESSAGE][PASSED] - Wait for page load successfully

2017-09-26 15:15:52 - [TEST_STEP][PASSED] - maximizeWindow: Current window maximized

2017-09-26 15:15:52 - [MESSAGE][PASSED] - Current window maximized

2017-09-26 15:15:52 - [TEST_STEP][PASSED] - click: Object: 'Object Repository/HomePage2/Page_Infor LN UI/btn_more' is clicked on

2017-09-26 15:16:09 - [MESSAGE][PASSED] - Object: 'Object Repository/HomePage2/Page_Infor LN UI/btn_more' is clicked on

2017-09-26 15:16:09 - [TEST_STEP][PASSED] - click: Object: 'Object Repository/HomePage2/Page_Infor LN UI/btn_Option' is clicked on

2017-09-26 15:16:09 - [MESSAGE][PASSED] - Object: 'Object Repository/HomePage2/Page_Infor LN UI/btn_Option' is clicked on

2017-09-26 15:16:09 - [TEST_STEP][PASSED] - click: Object: 'Object Repository/HomePage2/Page_Infor LN UI/btn_RunProgram_' is clicked on

2017-09-26 15:16:10 - [MESSAGE][PASSED] - Object: 'Object Repository/HomePage2/Page_Infor LN UI/btn_RunProgram_' is clicked on

2017-09-26 15:16:10 - [TEST_STEP][PASSED] - sendKeys: Keys 'tfgld4510m000' sent to object: 'Object Repository/HomePage2/Page_Infor LN UI/Input_Session_ID'

2017-09-26 15:16:10 - [MESSAGE][PASSED] - Keys 'tfgld4510m000' sent to object: 'Object Repository/HomePage2/Page_Infor LN UI/Input_Session_ID'

2017-09-26 15:16:10 - [TEST_STEP][PASSED] - click: Object: 'Object Repository/HomePage2/Page_Infor LN UI/btn_options' is clicked on

2017-09-26 15:16:11 - [MESSAGE][PASSED] - Object: 'Object Repository/HomePage2/Page_Infor LN UI/btn_options' is clicked on

2017-09-26 15:16:11 - [MESSAGE][PASSED] - Call Test Case 'Test Cases/OpenSession' successfully

2017-09-26 15:16:11 - [TEST_STEP][PASSED] - click: Object: 'Object Repository/IntTransaction/img_gwt-Image' is clicked on

2017-09-26 15:16:13 - [MESSAGE][PASSED] - Object: 'Object Repository/IntTransaction/img_gwt-Image' is clicked on

2017-09-26 15:16:13 - [TEST_STEP][PASSED] - click: Object: 'Object Repository/IntTransaction/div_tfgld4510m000-1-tfgld418.t' is clicked on

2017-09-26 15:16:15 - [MESSAGE][PASSED] - Object: 'Object Repository/IntTransaction/div_tfgld4510m000-1-tfgld418.t' is clicked on

2017-09-26 15:16:15 - [TEST_STEP][PASSED] - click: Object: 'Object Repository/IntTransaction/div_tfgld4510m000-1-tfgld418.t' is clicked on

2017-09-26 15:16:16 - [MESSAGE][PASSED] - Object: 'Object Repository/IntTransaction/div_tfgld4510m000-1-tfgld418.t' is clicked on

2017-09-26 15:16:16 - [TEST_STEP][PASSED] - click: Object: 'Object Repository/IntTransaction/div_item_32' is clicked on

2017-09-26 15:16:17 - [MESSAGE][PASSED] - Object: 'Object Repository/IntTransaction/div_item_32' is clicked on

2017-09-26 15:16:17 - [TEST_STEP][PASSED] - click: Object: 'Object Repository/IntTransaction/OrderNo' is clicked on

2017-09-26 15:16:18 - [MESSAGE][PASSED] - Object: 'Object Repository/IntTransaction/OrderNo' is clicked on

2017-09-26 15:16:18 - [TEST_STEP][PASSED] - setText: Text 'TP0000788' is set on object 'Object Repository/IntTransaction/OrderNo'

2017-09-26 15:16:19 - [MESSAGE][PASSED] - Text 'TP0000788' is set on object 'Object Repository/IntTransaction/OrderNo'

2017-09-26 15:16:19 - [TEST_STEP][PASSED] - click: Object: 'Object Repository/IntTransaction/div_tfgld4510m000-1-button-std' is clicked on

2017-09-26 15:16:19 - [MESSAGE][PASSED] - Object: 'Object Repository/IntTransaction/div_tfgld4510m000-1-button-std' is clicked on

2017-09-26 15:16:19 - [TEST_STEP][PASSED] - setText: Text '10' is set on object 'Object Repository/IntTransaction/positionFilter'

2017-09-26 15:16:20 - [MESSAGE][PASSED] - Text '10' is set on object 'Object Repository/IntTransaction/positionFilter'

2017-09-26 15:16:20 - [TEST_STEP][PASSED] - delay: Delayed 2 second(s)

2017-09-26 15:16:22 - [MESSAGE][PASSED] - Delayed 2 second(s)

2017-09-26 15:16:22 - [TEST_STEP][PASSED] - Statement - G_PartIssue = com.kms.katalon.core.webui.keyword.WebUiBuiltInKeywords.getText(com.kms.katalon.core.testobject.ObjectRepository.findTestObject(IntTransaction/partissue)): Text of object 'Object Repository/IntTransaction/partissue' is: '36.87'

2017-09-26 15:16:22 - [MESSAGE][PASSED] - Text of object 'Object Repository/IntTransaction/partissue' is: '36.87'

2017-09-26 15:16:22 - [TEST_STEP][PASSED] - click: Object: 'Object Repository/IntTransaction/FinTrasactionFilter' is clicked on

2017-09-26 15:16:22 - [MESSAGE][PASSED] - Object: 'Object Repository/IntTransaction/FinTrasactionFilter' is clicked on

2017-09-26 15:16:22 - [TEST_STEP][PASSED] - click: Object: 'Object Repository/IntTransaction/COGSoption' is clicked on

2017-09-26 15:16:23 - [MESSAGE][PASSED] - Object: 'Object Repository/IntTransaction/COGSoption' is clicked on

2017-09-26 15:16:23 - [TEST_STEP][PASSED] - delay: Delayed 2 second(s)

2017-09-26 15:16:25 - [MESSAGE][PASSED] - Delayed 2 second(s)

2017-09-26 15:16:25 - [TEST_STEP][PASSED] - Statement - G_COGS = com.kms.katalon.core.webui.keyword.WebUiBuiltInKeywords.getText(com.kms.katalon.core.testobject.ObjectRepository.findTestObject(IntTransaction/partissue)): Text of object 'Object Repository/IntTransaction/partissue' is: '36.87'

2017-09-26 15:16:25 - [MESSAGE][PASSED] - Text of object 'Object Repository/IntTransaction/partissue' is: '36.87'

2017-09-26 15:16:25 - [TEST_STEP][PASSED] - click: Object: 'Object Repository/IntTransaction/FinTrasactionFilter' is clicked on

2017-09-26 15:16:26 - [MESSAGE][PASSED] - Object: 'Object Repository/IntTransaction/FinTrasactionFilter' is clicked on

2017-09-26 15:16:26 - [TEST_STEP][PASSED] - click: Object: 'Object Repository/IntTransaction/RevenueAnalysisOption' is clicked on

2017-09-26 15:16:26 - [MESSAGE][PASSED] - Object: 'Object Repository/IntTransaction/RevenueAnalysisOption' is clicked on

2017-09-26 15:16:26 - [TEST_STEP][PASSED] - delay: Delayed 2 second(s)

2017-09-26 15:16:28 - [MESSAGE][PASSED] - Delayed 2 second(s)

2017-09-26 15:16:28 - [TEST_STEP][PASSED] - Statement - G_RevenueAnalysis = com.kms.katalon.core.webui.keyword.WebUiBuiltInKeywords.getText(com.kms.katalon.core.testobject.ObjectRepository.findTestObject(IntTransaction/partissue)): Text of object 'Object Repository/IntTransaction/partissue' is: '80.00'

2017-09-26 15:16:28 - [MESSAGE][PASSED] - Text of object 'Object Repository/IntTransaction/partissue' is: '80.00'

2017-09-26 15:16:28 - [TEST_STEP][PASSED] - Statement - println(" Part issue entry " + G_PartIssue): null

2017-09-26 15:16:28 - [TEST_STEP][PASSED] - Statement - println(" COGS Entry " + G_COGS): null

2017-09-26 15:16:28 - [TEST_STEP][PASSED] - Statement - println(" Ravenue Analysis " + G_RevenueAnalysis): null

2017-09-26 15:16:28 - [MESSAGE][PASSED] - Call Test Case 'Test Cases/BaseTestCases/GetIntTransForPSO' successfully

2017-09-26 15:16:28 - [TEST_STEP][PASSED] - verifyEqual: Actual object '36.87' and expected object '36.87' are equal

2017-09-26 15:16:28 - [MESSAGE][PASSED] - Actual object '36.87' and expected object '36.87' are equal

2017-09-26 15:16:28 - [TEST_STEP][PASSED] - verifyEqual: Actual object '36.87' and expected object '36.87' are equal

2017-09-26 15:16:28 - [MESSAGE][PASSED] - Actual object '36.87' and expected object '36.87' are equal

2017-09-26 15:16:28 - [TEST_STEP][PASSED] - verifyEqual: Actual object '80.00' and expected object '80' are equal

2017-09-26 15:16:28 - [MESSAGE][PASSED] - Actual object '80.00' and expected object '80' are equal

2017-09-26 15:16:28 - [TEST_STEP][PASSED] - callTestCase: Call Test Case 'Test Cases/BaseTestCases/GetPSOInvoiceDetails' successfully

2017-09-26 15:16:28 - [TEST_CASE][PASSED] - Test Cases/BaseTestCases/GetPSOInvoiceDetails: Test Cases/BaseTestCases/GetPSOInvoiceDetails

2017-09-26 15:16:29 - [TEST_STEP][PASSED] - callTestCase: Call Test Case 'Test Cases/OpenSession' successfully

2017-09-26 15:16:29 - [TEST_CASE][PASSED] - Test Cases/OpenSession: Test Cases/OpenSession

2017-09-26 15:16:29 - [TEST_STEP][PASSED] - openBrowser: Browser is opened with url: ''

2017-09-26 15:16:29 - [MESSAGE][WARNING] - A browser is already opened. Closing browser and opening a new one

2017-09-26 15:16:35 - [MESSAGE][PASSED] - Browser is opened with url: ''

2017-09-26 15:16:35 - [TEST_STEP][PASSED] - navigateToUrl: Navigate to 'https://rgajbhiye:Robin$123@proxima-ln4.e-emphasys.com:8441/webui/servlet/login' successfully

2017-09-26 15:16:38 - [MESSAGE][PASSED] - Navigate to 'https://rgajbhiye:Robin$123@proxima-ln4.e-emphasys.com:8441/webui/servlet/login' successfully

2017-09-26 15:16:38 - [TEST_STEP][PASSED] - waitForPageLoad: Wait for page load successfully

2017-09-26 15:16:38 - [MESSAGE][PASSED] - Wait for page load successfully

2017-09-26 15:16:38 - [TEST_STEP][PASSED] - maximizeWindow: Current window maximized

2017-09-26 15:16:38 - [MESSAGE][PASSED] - Current window maximized

2017-09-26 15:16:38 - [TEST_STEP][PASSED] - click: Object: 'Object Repository/HomePage2/Page_Infor LN UI/btn_more' is clicked on

2017-09-26 15:16:46 - [MESSAGE][PASSED] - Object: 'Object Repository/HomePage2/Page_Infor LN UI/btn_more' is clicked on

2017-09-26 15:16:46 - [TEST_STEP][PASSED] - click: Object: 'Object Repository/HomePage2/Page_Infor LN UI/btn_Option' is clicked on

2017-09-26 15:16:46 - [MESSAGE][PASSED] - Object: 'Object Repository/HomePage2/Page_Infor LN UI/btn_Option' is clicked on

2017-09-26 15:16:46 - [TEST_STEP][PASSED] - click: Object: 'Object Repository/HomePage2/Page_Infor LN UI/btn_RunProgram_' is clicked on

2017-09-26 15:16:46 - [MESSAGE][PASSED] - Object: 'Object Repository/HomePage2/Page_Infor LN UI/btn_RunProgram_' is clicked on

2017-09-26 15:16:46 - [TEST_STEP][PASSED] - sendKeys: Keys 'ttaad4500' sent to object: 'Object Repository/HomePage2/Page_Infor LN UI/Input_Session_ID'

2017-09-26 15:16:47 - [MESSAGE][PASSED] - Keys 'ttaad4500' sent to object: 'Object Repository/HomePage2/Page_Infor LN UI/Input_Session_ID'

2017-09-26 15:16:47 - [TEST_STEP][PASSED] - click: Object: 'Object Repository/HomePage2/Page_Infor LN UI/btn_options' is clicked on

2017-09-26 15:16:47 - [MESSAGE][PASSED] - Object: 'Object Repository/HomePage2/Page_Infor LN UI/btn_options' is clicked on

2017-09-26 15:16:47 - [MESSAGE][PASSED] - Call Test Case 'Test Cases/OpenSession' successfully

2017-09-26 15:16:47 - [TEST_STEP][PASSED] - doubleClick: Object: 'Object Repository/ttaad4500/input_ttaad4500    -0-cpac-loo' is double clicked on

2017-09-26 15:16:48 - [MESSAGE][PASSED] - Object: 'Object Repository/ttaad4500/input_ttaad4500    -0-cpac-loo' is double clicked on

2017-09-26 15:16:48 - [TEST_STEP][PASSED] - setText: Text 'ci' is set on object 'Object Repository/ttaad4500/input_ttaad4500    -0-cpac-loo'

2017-09-26 15:16:49 - [MESSAGE][PASSED] - Text 'ci' is set on object 'Object Repository/ttaad4500/input_ttaad4500    -0-cpac-loo'

2017-09-26 15:16:49 - [TEST_STEP][PASSED] - doubleClick: Object: 'Object Repository/ttaad4500/input_ttaad4500    -0-cmod-loo' is double clicked on

2017-09-26 15:16:49 - [MESSAGE][PASSED] - Object: 'Object Repository/ttaad4500/input_ttaad4500    -0-cmod-loo' is double clicked on

2017-09-26 15:16:49 - [TEST_STEP][PASSED] - setText: Text 'sli' is set on object 'Object Repository/ttaad4500/input_ttaad4500    -0-cmod-loo'

2017-09-26 15:16:49 - [MESSAGE][PASSED] - Text 'sli' is set on object 'Object Repository/ttaad4500/input_ttaad4500    -0-cmod-loo'

2017-09-26 15:16:49 - [TEST_STEP][PASSED] - setText: Text '245' is set on object 'Object Repository/ttaad4500/input_ttaad4500    -0-flno-loo'

2017-09-26 15:16:49 - [MESSAGE][PASSED] - Text '245' is set on object 'Object Repository/ttaad4500/input_ttaad4500    -0-flno-loo'

2017-09-26 15:16:49 - [TEST_STEP][PASSED] - click: Object: 'Object Repository/ttaad4500/label_OK' is clicked on

2017-09-26 15:16:49 - [MESSAGE][PASSED] - Object: 'Object Repository/ttaad4500/label_OK' is clicked on

2017-09-26 15:16:49 - [TEST_STEP][PASSED] - doubleClick: Object: 'Object Repository/ttaad4500/input_ttaad4500    -0-flno-loo' is double clicked on

2017-09-26 15:16:50 - [MESSAGE][PASSED] - Object: 'Object Repository/ttaad4500/input_ttaad4500    -0-flno-loo' is double clicked on

2017-09-26 15:16:50 - [TEST_STEP][PASSED] - click: Object: 'Object Repository/ttaad4500/div_ttaad4500    -1-button-std' is clicked on

2017-09-26 15:16:52 - [MESSAGE][PASSED] - Object: 'Object Repository/ttaad4500/div_ttaad4500    -1-button-std' is clicked on

2017-09-26 15:16:52 - [TEST_STEP][PASSED] - doubleClick: Object: 'Object Repository/ttaad4500/input_ottaad4100.dlg-2-slso.f-' is double clicked on

2017-09-26 15:16:54 - [MESSAGE][PASSED] - Object: 'Object Repository/ttaad4500/input_ottaad4100.dlg-2-slso.f-' is double clicked on

2017-09-26 15:16:54 - [TEST_STEP][PASSED] - setText: Text 'TP0000788' is set on object 'Object Repository/ttaad4500/input_ottaad4100.dlg-2-slso.f-'

2017-09-26 15:16:54 - [MESSAGE][PASSED] - Text 'TP0000788' is set on object 'Object Repository/ttaad4500/input_ottaad4100.dlg-2-slso.f-'

2017-09-26 15:16:54 - [TEST_STEP][PASSED] - click: Object: 'Object Repository/ttaad4500/label_OK (1)' is clicked on

2017-09-26 15:16:54 - [MESSAGE][PASSED] - Object: 'Object Repository/ttaad4500/label_OK (1)' is clicked on

2017-09-26 15:16:54 - [TEST_STEP][PASSED] - delay: Delayed 3 second(s)

2017-09-26 15:16:57 - [MESSAGE][PASSED] - Delayed 3 second(s)

2017-09-26 15:16:57 - [TEST_STEP][PASSED] - Statement - G_InvoiceNo_1 = com.kms.katalon.core.webui.keyword.WebUiBuiltInKeywords.getAttribute(com.kms.katalon.core.testobject.ObjectRepository.findTestObject(ttaad4500/InvoiceNo.1), "value"): Attribute 'value' of object 'Object Repository/ttaad4500/InvoiceNo.1' is: 'ARS'

2017-09-26 15:16:57 - [MESSAGE][PASSED] - Attribute 'value' of object 'Object Repository/ttaad4500/InvoiceNo.1' is: 'ARS'

2017-09-26 15:16:57 - [TEST_STEP][PASSED] - Statement - G_InvoiceNo_2 = com.kms.katalon.core.webui.keyword.WebUiBuiltInKeywords.getAttribute(com.kms.katalon.core.testobject.ObjectRepository.findTestObject(ttaad4500/InvoiceNo.2), "value"): Attribute 'value' of object 'Object Repository/ttaad4500/InvoiceNo.2' is: '16000174'

2017-09-26 15:16:58 - [MESSAGE][PASSED] - Attribute 'value' of object 'Object Repository/ttaad4500/InvoiceNo.2' is: '16000174'

2017-09-26 15:16:58 - [TEST_STEP][PASSED] - Statement - G_cisli245_InvoiceAmount = com.kms.katalon.core.webui.keyword.WebUiBuiltInKeywords.getAttribute(com.kms.katalon.core.testobject.ObjectRepository.findTestObject(ttaad4500/InvoiceAmount), "value"): Attribute 'value' of object 'Object Repository/ttaad4500/InvoiceAmount' is: '80'

2017-09-26 15:16:58 - [MESSAGE][PASSED] - Attribute 'value' of object 'Object Repository/ttaad4500/InvoiceAmount' is: '80'

2017-09-26 15:16:58 - [TEST_STEP][PASSED] - Statement - G_cisli245_taxAmt = com.kms.katalon.core.webui.keyword.WebUiBuiltInKeywords.getAttribute(com.kms.katalon.core.testobject.ObjectRepository.findTestObject(ttaad4500/TaxAmount), "value"): Attribute 'value' of object 'Object Repository/ttaad4500/TaxAmount' is: '8'

2017-09-26 15:16:58 - [MESSAGE][PASSED] - Attribute 'value' of object 'Object Repository/ttaad4500/TaxAmount' is: '8'

2017-09-26 15:16:58 - [TEST_STEP][PASSED] - Statement - println("Invoice Amt " + G_cisli245_InvoiceAmount): null

2017-09-26 15:16:58 - [TEST_STEP][PASSED] - Statement - println("Tax Amt " + G_cisli245_taxAmt): null

2017-09-26 15:16:58 - [MESSAGE][PASSED] - Call Test Case 'Test Cases/BaseTestCases/GetPSOInvoiceDetails' successfully

2017-09-26 15:16:58 - [TEST_STEP][PASSED] - verifyEqual: Actual object '80' and expected object '80' are equal

2017-09-26 15:16:58 - [MESSAGE][PASSED] - Actual object '80' and expected object '80' are equal

2017-09-26 15:16:58 - [TEST_STEP][PASSED] - verifyEqual: Actual object '8' and expected object '8' are equal

2017-09-26 15:16:58 - [MESSAGE][PASSED] - Actual object '8' and expected object '8' are equal

2017-09-26 15:16:58 - [TEST_STEP][PASSED] - callTestCase: Call Test Case 'Test Cases/BaseTestCases/FinalizeAndPostPSO' successfully

2017-09-26 15:16:58 - [TEST_CASE][PASSED] - Test Cases/BaseTestCases/FinalizeAndPostPSO: Test Cases/BaseTestCases/FinalizeAndPostPSO

2017-09-26 15:16:58 - [TEST_STEP][PASSED] - callTestCase: Call Test Case 'Test Cases/OpenSession' successfully

2017-09-26 15:16:58 - [TEST_CASE][PASSED] - Test Cases/OpenSession: Test Cases/OpenSession

2017-09-26 15:16:58 - [TEST_STEP][PASSED] - openBrowser: Browser is opened with url: ''

2017-09-26 15:16:58 - [MESSAGE][WARNING] - A browser is already opened. Closing browser and opening a new one

2017-09-26 15:17:09 - [MESSAGE][PASSED] - Browser is opened with url: ''

2017-09-26 15:17:09 - [TEST_STEP][PASSED] - navigateToUrl: Navigate to 'https://rgajbhiye:Robin$123@proxima-ln4.e-emphasys.com:8441/webui/servlet/login' successfully

2017-09-26 15:17:12 - [MESSAGE][PASSED] - Navigate to 'https://rgajbhiye:Robin$123@proxima-ln4.e-emphasys.com:8441/webui/servlet/login' successfully

2017-09-26 15:17:12 - [TEST_STEP][PASSED] - waitForPageLoad: Wait for page load successfully

2017-09-26 15:17:12 - [MESSAGE][PASSED] - Wait for page load successfully

2017-09-26 15:17:12 - [TEST_STEP][PASSED] - maximizeWindow: Current window maximized

2017-09-26 15:17:12 - [MESSAGE][PASSED] - Current window maximized

2017-09-26 15:17:12 - [TEST_STEP][PASSED] - click: Object: 'Object Repository/HomePage2/Page_Infor LN UI/btn_more' is clicked on

2017-09-26 15:17:14 - [MESSAGE][PASSED] - Object: 'Object Repository/HomePage2/Page_Infor LN UI/btn_more' is clicked on

2017-09-26 15:17:14 - [TEST_STEP][PASSED] - click: Object: 'Object Repository/HomePage2/Page_Infor LN UI/btn_Option' is clicked on

2017-09-26 15:17:14 - [MESSAGE][PASSED] - Object: 'Object Repository/HomePage2/Page_Infor LN UI/btn_Option' is clicked on

2017-09-26 15:17:14 - [TEST_STEP][PASSED] - click: Object: 'Object Repository/HomePage2/Page_Infor LN UI/btn_RunProgram_' is clicked on

2017-09-26 15:17:14 - [MESSAGE][PASSED] - Object: 'Object Repository/HomePage2/Page_Infor LN UI/btn_RunProgram_' is clicked on

2017-09-26 15:17:14 - [TEST_STEP][PASSED] - sendKeys: Keys 'tfgld4201m000' sent to object: 'Object Repository/HomePage2/Page_Infor LN UI/Input_Session_ID'

2017-09-26 15:17:15 - [MESSAGE][PASSED] - Keys 'tfgld4201m000' sent to object: 'Object Repository/HomePage2/Page_Infor LN UI/Input_Session_ID'

2017-09-26 15:17:15 - [TEST_STEP][PASSED] - click: Object: 'Object Repository/HomePage2/Page_Infor LN UI/btn_options' is clicked on

2017-09-26 15:17:15 - [MESSAGE][PASSED] - Object: 'Object Repository/HomePage2/Page_Infor LN UI/btn_options' is clicked on

2017-09-26 15:17:15 - [MESSAGE][PASSED] - Call Test Case 'Test Cases/OpenSession' successfully

2017-09-26 15:17:15 - [TEST_STEP][PASSED] - click: Object: 'Object Repository/Finalize/div_tfgld4201m000-0-tror.f-7-c' is clicked on

2017-09-26 15:17:17 - [MESSAGE][PASSED] - Object: 'Object Repository/Finalize/div_tfgld4201m000-0-tror.f-7-c' is clicked on

2017-09-26 15:17:17 - [TEST_STEP][PASSED] - click: Object: 'Object Repository/Finalize/label_Parts (Sales)' is clicked on

2017-09-26 15:17:18 - [MESSAGE][PASSED] - Object: 'Object Repository/Finalize/label_Parts (Sales)' is clicked on

2017-09-26 15:17:18 - [TEST_STEP][PASSED] - click: Object: 'Object Repository/Finalize/img_gwt-Image' is clicked on

2017-09-26 15:17:18 - [MESSAGE][PASSED] - Object: 'Object Repository/Finalize/img_gwt-Image' is clicked on

2017-09-26 15:17:18 - [TEST_STEP][PASSED] - click: Object: 'Object Repository/Finalize/label_26' is clicked on

2017-09-26 15:17:19 - [MESSAGE][PASSED] - Object: 'Object Repository/Finalize/label_26' is clicked on

2017-09-26 15:17:19 - [TEST_STEP][PASSED] - click: Object: 'Object Repository/Finalize/div_tfgld4201m000-0-button-for' is clicked on

2017-09-26 15:17:19 - [MESSAGE][PASSED] - Object: 'Object Repository/Finalize/div_tfgld4201m000-0-button-for' is clicked on

2017-09-26 15:17:19 - [TEST_STEP][PASSED] - delay: Delayed 10 second(s)

2017-09-26 15:17:29 - [MESSAGE][PASSED] - Delayed 10 second(s)

2017-09-26 15:17:29 - [TEST_STEP][PASSED] - callTestCase: Call Test Case 'Test Cases/OpenSession' successfully

2017-09-26 15:17:29 - [TEST_CASE][PASSED] - Test Cases/OpenSession: Test Cases/OpenSession

2017-09-26 15:17:29 - [TEST_STEP][PASSED] - openBrowser: Browser is opened with url: ''

2017-09-26 15:17:29 - [MESSAGE][WARNING] - A browser is already opened. Closing browser and opening a new one

2017-09-26 15:17:35 - [MESSAGE][PASSED] - Browser is opened with url: ''

2017-09-26 15:17:35 - [TEST_STEP][PASSED] - navigateToUrl: Navigate to 'https://rgajbhiye:Robin$123@proxima-ln4.e-emphasys.com:8441/webui/servlet/login' successfully

2017-09-26 15:17:37 - [MESSAGE][PASSED] - Navigate to 'https://rgajbhiye:Robin$123@proxima-ln4.e-emphasys.com:8441/webui/servlet/login' successfully

2017-09-26 15:17:37 - [TEST_STEP][PASSED] - waitForPageLoad: Wait for page load successfully

2017-09-26 15:17:37 - [MESSAGE][PASSED] - Wait for page load successfully

2017-09-26 15:17:37 - [TEST_STEP][PASSED] - maximizeWindow: Current window maximized

2017-09-26 15:17:37 - [MESSAGE][PASSED] - Current window maximized

2017-09-26 15:17:37 - [TEST_STEP][PASSED] - click: Object: 'Object Repository/HomePage2/Page_Infor LN UI/btn_more' is clicked on

2017-09-26 15:17:39 - [MESSAGE][PASSED] - Object: 'Object Repository/HomePage2/Page_Infor LN UI/btn_more' is clicked on

2017-09-26 15:17:39 - [TEST_STEP][PASSED] - click: Object: 'Object Repository/HomePage2/Page_Infor LN UI/btn_Option' is clicked on

2017-09-26 15:17:40 - [MESSAGE][PASSED] - Object: 'Object Repository/HomePage2/Page_Infor LN UI/btn_Option' is clicked on

2017-09-26 15:17:40 - [TEST_STEP][PASSED] - click: Object: 'Object Repository/HomePage2/Page_Infor LN UI/btn_RunProgram_' is clicked on

2017-09-26 15:17:40 - [MESSAGE][PASSED] - Object: 'Object Repository/HomePage2/Page_Infor LN UI/btn_RunProgram_' is clicked on

2017-09-26 15:17:40 - [TEST_STEP][PASSED] - sendKeys: Keys 'tfgld4510m000' sent to object: 'Object Repository/HomePage2/Page_Infor LN UI/Input_Session_ID'

2017-09-26 15:17:40 - [MESSAGE][PASSED] - Keys 'tfgld4510m000' sent to object: 'Object Repository/HomePage2/Page_Infor LN UI/Input_Session_ID'

2017-09-26 15:17:40 - [TEST_STEP][PASSED] - click: Object: 'Object Repository/HomePage2/Page_Infor LN UI/btn_options' is clicked on

2017-09-26 15:17:40 - [MESSAGE][PASSED] - Object: 'Object Repository/HomePage2/Page_Infor LN UI/btn_options' is clicked on

2017-09-26 15:17:40 - [MESSAGE][PASSED] - Call Test Case 'Test Cases/OpenSession' successfully

2017-09-26 15:17:40 - [TEST_STEP][PASSED] - click: Object: 'Object Repository/IntTransaction/img_gwt-Image' is clicked on

2017-09-26 15:17:43 - [MESSAGE][PASSED] - Object: 'Object Repository/IntTransaction/img_gwt-Image' is clicked on

2017-09-26 15:17:43 - [TEST_STEP][PASSED] - click: Object: 'Object Repository/IntTransaction/div_tfgld4510m000-1-tfgld418.t' is clicked on

2017-09-26 15:17:45 - [MESSAGE][PASSED] - Object: 'Object Repository/IntTransaction/div_tfgld4510m000-1-tfgld418.t' is clicked on

2017-09-26 15:17:45 - [TEST_STEP][PASSED] - click: Object: 'Object Repository/IntTransaction/div_tfgld4510m000-1-tfgld418.t' is clicked on

2017-09-26 15:17:46 - [MESSAGE][PASSED] - Object: 'Object Repository/IntTransaction/div_tfgld4510m000-1-tfgld418.t' is clicked on

2017-09-26 15:17:46 - [TEST_STEP][PASSED] - click: Object: 'Object Repository/IntTransaction/div_item_32' is clicked on

2017-09-26 15:17:47 - [MESSAGE][PASSED] - Object: 'Object Repository/IntTransaction/div_item_32' is clicked on

2017-09-26 15:17:47 - [TEST_STEP][PASSED] - click: Object: 'Object Repository/IntTransaction/OrderNo' is clicked on

2017-09-26 15:17:47 - [MESSAGE][PASSED] - Object: 'Object Repository/IntTransaction/OrderNo' is clicked on

2017-09-26 15:17:47 - [TEST_STEP][PASSED] - setText: Text 'TP0000788' is set on object 'Object Repository/IntTransaction/OrderNo'

2017-09-26 15:17:47 - [MESSAGE][PASSED] - Text 'TP0000788' is set on object 'Object Repository/IntTransaction/OrderNo'

2017-09-26 15:17:47 - [TEST_STEP][PASSED] - click: Object: 'Object Repository/IntTransaction/div_tfgld4510m000-1-button-std' is clicked on

2017-09-26 15:17:48 - [MESSAGE][PASSED] - Object: 'Object Repository/IntTransaction/div_tfgld4510m000-1-button-std' is clicked on

2017-09-26 15:17:48 - [TEST_STEP][PASSED] - setText: Text '10' is set on object 'Object Repository/IntTransaction/positionFilter'

2017-09-26 15:17:48 - [MESSAGE][PASSED] - Text '10' is set on object 'Object Repository/IntTransaction/positionFilter'

2017-09-26 15:17:48 - [TEST_STEP][PASSED] - delay: Delayed 2 second(s)

2017-09-26 15:17:50 - [MESSAGE][PASSED] - Delayed 2 second(s)

2017-09-26 15:17:50 - [TEST_STEP][PASSED] - Statement - status = com.kms.katalon.core.webui.keyword.WebUiBuiltInKeywords.getText(com.kms.katalon.core.testobject.ObjectRepository.findTestObject(Finalize/TransactionStatus)): Text of object 'Object Repository/Finalize/TransactionStatus' is: 'Posted'

2017-09-26 15:17:50 - [MESSAGE][PASSED] - Text of object 'Object Repository/Finalize/TransactionStatus' is: 'Posted'

2017-09-26 15:17:50 - [TEST_STEP][PASSED] - verifyEqual: Actual object 'Posted' and expected object 'Posted' are equal

2017-09-26 15:17:50 - [MESSAGE][PASSED] - Actual object 'Posted' and expected object 'Posted' are equal

2017-09-26 15:17:50 - [TEST_STEP][PASSED] - click: Object: 'Object Repository/IntTransaction/FinTrasactionFilter' is clicked on

2017-09-26 15:17:51 - [MESSAGE][PASSED] - Object: 'Object Repository/IntTransaction/FinTrasactionFilter' is clicked on

2017-09-26 15:17:51 - [TEST_STEP][PASSED] - click: Object: 'Object Repository/IntTransaction/COGSoption' is clicked on

2017-09-26 15:17:51 - [MESSAGE][PASSED] - Object: 'Object Repository/IntTransaction/COGSoption' is clicked on

2017-09-26 15:17:51 - [TEST_STEP][PASSED] - delay: Delayed 2 second(s)

2017-09-26 15:17:53 - [MESSAGE][PASSED] - Delayed 2 second(s)

2017-09-26 15:17:53 - [TEST_STEP][PASSED] - Statement - status = com.kms.katalon.core.webui.keyword.WebUiBuiltInKeywords.getText(com.kms.katalon.core.testobject.ObjectRepository.findTestObject(Finalize/TransactionStatus)): Text of object 'Object Repository/Finalize/TransactionStatus' is: 'Posted'

2017-09-26 15:17:53 - [MESSAGE][PASSED] - Text of object 'Object Repository/Finalize/TransactionStatus' is: 'Posted'

2017-09-26 15:17:53 - [TEST_STEP][PASSED] - verifyEqual: Actual object 'Posted' and expected object 'Posted' are equal

2017-09-26 15:17:53 - [MESSAGE][PASSED] - Actual object 'Posted' and expected object 'Posted' are equal

2017-09-26 15:17:53 - [TEST_STEP][PASSED] - click: Object: 'Object Repository/IntTransaction/FinTrasactionFilter' is clicked on

2017-09-26 15:17:54 - [MESSAGE][PASSED] - Object: 'Object Repository/IntTransaction/FinTrasactionFilter' is clicked on

2017-09-26 15:17:54 - [TEST_STEP][PASSED] - click: Object: 'Object Repository/IntTransaction/RevenueAnalysisOption' is clicked on

2017-09-26 15:17:54 - [MESSAGE][PASSED] - Object: 'Object Repository/IntTransaction/RevenueAnalysisOption' is clicked on

2017-09-26 15:17:54 - [TEST_STEP][PASSED] - delay: Delayed 2 second(s)

2017-09-26 15:17:56 - [MESSAGE][PASSED] - Delayed 2 second(s)

2017-09-26 15:17:56 - [TEST_STEP][PASSED] - Statement - status = com.kms.katalon.core.webui.keyword.WebUiBuiltInKeywords.getText(com.kms.katalon.core.testobject.ObjectRepository.findTestObject(Finalize/TransactionStatus)): Text of object 'Object Repository/Finalize/TransactionStatus' is: 'Posted'

2017-09-26 15:17:56 - [MESSAGE][PASSED] - Text of object 'Object Repository/Finalize/TransactionStatus' is: 'Posted'

2017-09-26 15:17:56 - [TEST_STEP][PASSED] - verifyEqual: Actual object 'Posted' and expected object 'Posted' are equal

2017-09-26 15:17:56 - [MESSAGE][PASSED] - Actual object 'Posted' and expected object 'Posted' are equal

2017-09-26 15:17:56 - [TEST_STEP][PASSED] - callTestCase: Call Test Case 'Test Cases/OpenSession' successfully

2017-09-26 15:17:56 - [TEST_CASE][PASSED] - Test Cases/OpenSession: Test Cases/OpenSession

2017-09-26 15:17:56 - [TEST_STEP][PASSED] - openBrowser: Browser is opened with url: ''

2017-09-26 15:17:56 - [MESSAGE][WARNING] - A browser is already opened. Closing browser and opening a new one

2017-09-26 15:18:02 - [MESSAGE][PASSED] - Browser is opened with url: ''

2017-09-26 15:18:02 - [TEST_STEP][PASSED] - navigateToUrl: Navigate to 'https://rgajbhiye:Robin$123@proxima-ln4.e-emphasys.com:8441/webui/servlet/login' successfully

2017-09-26 15:18:05 - [MESSAGE][PASSED] - Navigate to 'https://rgajbhiye:Robin$123@proxima-ln4.e-emphasys.com:8441/webui/servlet/login' successfully

2017-09-26 15:18:05 - [TEST_STEP][PASSED] - waitForPageLoad: Wait for page load successfully

2017-09-26 15:18:05 - [MESSAGE][PASSED] - Wait for page load successfully

2017-09-26 15:18:05 - [TEST_STEP][PASSED] - maximizeWindow: Current window maximized

2017-09-26 15:18:05 - [MESSAGE][PASSED] - Current window maximized

2017-09-26 15:18:05 - [TEST_STEP][PASSED] - click: Object: 'Object Repository/HomePage2/Page_Infor LN UI/btn_more' is clicked on

2017-09-26 15:18:07 - [MESSAGE][PASSED] - Object: 'Object Repository/HomePage2/Page_Infor LN UI/btn_more' is clicked on

2017-09-26 15:18:07 - [TEST_STEP][PASSED] - click: Object: 'Object Repository/HomePage2/Page_Infor LN UI/btn_Option' is clicked on

2017-09-26 15:18:08 - [MESSAGE][PASSED] - Object: 'Object Repository/HomePage2/Page_Infor LN UI/btn_Option' is clicked on

2017-09-26 15:18:08 - [TEST_STEP][PASSED] - click: Object: 'Object Repository/HomePage2/Page_Infor LN UI/btn_RunProgram_' is clicked on

2017-09-26 15:18:08 - [MESSAGE][PASSED] - Object: 'Object Repository/HomePage2/Page_Infor LN UI/btn_RunProgram_' is clicked on

2017-09-26 15:18:08 - [TEST_STEP][PASSED] - sendKeys: Keys 'tfgld1504m000' sent to object: 'Object Repository/HomePage2/Page_Infor LN UI/Input_Session_ID'

2017-09-26 15:18:08 - [MESSAGE][PASSED] - Keys 'tfgld1504m000' sent to object: 'Object Repository/HomePage2/Page_Infor LN UI/Input_Session_ID'

2017-09-26 15:18:08 - [TEST_STEP][PASSED] - click: Object: 'Object Repository/HomePage2/Page_Infor LN UI/btn_options' is clicked on

2017-09-26 15:18:09 - [MESSAGE][PASSED] - Object: 'Object Repository/HomePage2/Page_Infor LN UI/btn_options' is clicked on

2017-09-26 15:18:09 - [MESSAGE][PASSED] - Call Test Case 'Test Cases/OpenSession' successfully

2017-09-26 15:18:09 - [TEST_STEP][PASSED] - click: Object: 'Object Repository/Finalize/div_tfgld1504m000-1-button-std' is clicked on

2017-09-26 15:18:11 - [MESSAGE][PASSED] - Object: 'Object Repository/Finalize/div_tfgld1504m000-1-button-std' is clicked on

2017-09-26 15:18:11 - [TEST_STEP][PASSED] - setText: Text 'ARS' is set on object 'Object Repository/Finalize/input_tfgld1504m000-2-tfgld018'

2017-09-26 15:18:12 - [MESSAGE][PASSED] - Text 'ARS' is set on object 'Object Repository/Finalize/input_tfgld1504m000-2-tfgld018'

2017-09-26 15:18:12 - [TEST_STEP][PASSED] - click: Object: 'Object Repository/Finalize/input_tfgld1504m000-2-tfgld018 (1)' is clicked on

2017-09-26 15:18:13 - [MESSAGE][PASSED] - Object: 'Object Repository/Finalize/input_tfgld1504m000-2-tfgld018 (1)' is clicked on

2017-09-26 15:18:13 - [TEST_STEP][PASSED] - setText: Text '16000174' is set on object 'Object Repository/Finalize/input_tfgld1504m000-2-tfgld018 (1)'

2017-09-26 15:18:13 - [MESSAGE][PASSED] - Text '16000174' is set on object 'Object Repository/Finalize/input_tfgld1504m000-2-tfgld018 (1)'

2017-09-26 15:18:13 - [TEST_STEP][PASSED] - click: Object: 'Object Repository/Finalize/img_tfgld1504m000-2-__exact.ma' is clicked on

2017-09-26 15:18:13 - [MESSAGE][PASSED] - Object: 'Object Repository/Finalize/img_tfgld1504m000-2-__exact.ma' is clicked on

2017-09-26 15:18:13 - [TEST_STEP][PASSED] - click: Object: 'Object Repository/Finalize/div_tfgld1504m000-2-button-std' is clicked on

2017-09-26 15:18:13 - [MESSAGE][PASSED] - Object: 'Object Repository/Finalize/div_tfgld1504m000-2-button-std' is clicked on

2017-09-26 15:18:13 - [TEST_STEP][PASSED] - delay: Delayed 2 second(s)

2017-09-26 15:18:15 - [MESSAGE][PASSED] - Delayed 2 second(s)

2017-09-26 15:18:15 - [TEST_STEP][PASSED] - click: Object: 'Object Repository/Finalize/div_tfgld1504m000-1-button-std (1)' is clicked on

2017-09-26 15:18:15 - [MESSAGE][PASSED] - Object: 'Object Repository/Finalize/div_tfgld1504m000-1-button-std (1)' is clicked on

2017-09-26 15:18:15 - [TEST_STEP][PASSED] - click: Object: 'Object Repository/Finalize/label_ransaction Lines... (1)' is clicked on

2017-09-26 15:18:16 - [MESSAGE][PASSED] - Object: 'Object Repository/Finalize/label_ransaction Lines... (1)' is clicked on

2017-09-26 15:18:16 - [TEST_STEP][PASSED] - Statement - debit = com.kms.katalon.core.webui.keyword.WebUiBuiltInKeywords.getText(com.kms.katalon.core.testobject.ObjectRepository.findTestObject(Finalize/div_tfgld1508m000-3-grid-1-deb)): Text of object 'Object Repository/Finalize/div_tfgld1508m000-3-grid-1-deb' is: '88.00'

2017-09-26 15:18:26 - [MESSAGE][PASSED] - Text of object 'Object Repository/Finalize/div_tfgld1508m000-3-grid-1-deb' is: '88.00'

2017-09-26 15:18:26 - [TEST_STEP][PASSED] - Statement - credit = com.kms.katalon.core.webui.keyword.WebUiBuiltInKeywords.getText(com.kms.katalon.core.testobject.ObjectRepository.findTestObject(Finalize/div_tfgld1508m000-3-grid-1-cre)): Text of object 'Object Repository/Finalize/div_tfgld1508m000-3-grid-1-cre' is: '80.00'

2017-09-26 15:18:26 - [MESSAGE][PASSED] - Text of object 'Object Repository/Finalize/div_tfgld1508m000-3-grid-1-cre' is: '80.00'

2017-09-26 15:18:26 - [TEST_STEP][PASSED] - verifyEqual: Actual object '88.00' and expected object '88' are equal

2017-09-26 15:18:26 - [MESSAGE][PASSED] - Actual object '88.00' and expected object '88' are equal

2017-09-26 15:18:26 - [TEST_STEP][PASSED] - verifyEqual: Actual object '80.00' and expected object '80' are equal

2017-09-26 15:18:26 - [MESSAGE][PASSED] - Actual object '80.00' and expected object '80' are equal

2017-09-26 15:18:26 - [TEST_STEP][PASSED] - closeBrowser: Browser is closed

2017-09-26 15:18:27 - [MESSAGE][PASSED] - Browser is closed

2017-09-26 15:18:27 - [MESSAGE][PASSED] - Call Test Case 'Test Cases/BaseTestCases/FinalizeAndPostPSO' successfully]]></system-out>
         <system-err><![CDATA[]]></system-err>
      </testcase>
      <system-out><![CDATA[2017-09-26 15:12:41 - [TEST_SUITE][PASSED] - DemoTest: Test Cases/Test]]></system-out>
      <system-err><![CDATA[]]></system-err>
   </testsuite>
</testsuites>
